<?xml version="1.0" encoding="UTF-8"?>
<!-- Generated by org.testng.reporters.JUnitReportReporter -->
<testsuite hostname="LAPTOP-RTL0T184" failures="0" tests="3" name="com.devinarena.NavigateTest" time="24.405" errors="0" timestamp="2023-04-13T17:40:12 EDT" skipped="0">
  <testcase classname="com.devinarena.NavigateTest" name="navigateTest" time="8.340"/>
  <system-out/>
  <testcase classname="com.devinarena.NavigateTest" name="loginTest" time="4.463"/>
  <system-out/>
  <testcase classname="com.devinarena.NavigateTest" name="findProblemTest" time="11.602"/>
  <system-out/>
</testsuite> <!-- com.devinarena.NavigateTest -->
