<?xml version="1.0" encoding="UTF-8"?>
<!-- Generated by org.testng.reporters.JUnitReportReporter -->
<testsuite hostname="DESKTOP-54SJFHM" failures="0" tests="3" name="com.devinarena.NavigateTest" time="19.629" errors="0" timestamp="2023-04-14T22:55:36 EDT" skipped="0">
  <testcase classname="com.devinarena.NavigateTest" name="navigateTest" time="4.727"/>
  <system-out/>
  <testcase classname="com.devinarena.NavigateTest" name="loginTest" time="6.209"/>
  <system-out/>
  <testcase classname="com.devinarena.NavigateTest" name="findProblemTest" time="8.693"/>
  <system-out/>
</testsuite> <!-- com.devinarena.NavigateTest -->
