<?xml version="1.0" encoding="UTF-8"?>
<!-- Generated by org.testng.reporters.JUnitReportReporter -->
<testsuite hostname="DESKTOP-54SJFHM" failures="0" tests="3" name="com.devinarena.SignoutTest" time="0.000" errors="0" timestamp="2023-04-14T22:55:36 EDT" skipped="3">
  <testcase classname="com.devinarena.SignoutTest" name="signoutTest" time="0.000">
    <skipped/>
  </testcase> <!-- signoutTest -->
  <system-out/>
  <testcase classname="com.devinarena.SignoutTest" name="screenshotPageTest" time="0.000">
    <skipped/>
  </testcase> <!-- screenshotPageTest -->
  <system-out/>
  <testcase classname="com.devinarena.SignoutTest" name="confirmSignoutTest" time="0.000">
    <skipped/>
  </testcase> <!-- confirmSignoutTest -->
  <system-out/>
</testsuite> <!-- com.devinarena.SignoutTest -->
